{"P:/thermondo/src/components/AppHeader.vue": {"path":"P:/thermondo/src/components/AppHeader.vue","statementMap":{"0":{"start":{"line":14,"column":14},"end":{"line":14,"column":null}},"1":{"start":{"line":14,"column":29},"end":{"line":14,"column":40}},"2":{"start":{"line":2,"column":10},"end":{"line":2,"column":null}},"3":{"start":{"line":3,"column":8},"end":{"line":3,"column":38}},"4":{"start":{"line":2,"column":2},"end":{"line":4,"column":null}}},"fnMap":{"0":{"name":"(anonymous_1)","decl":{"start":{"line":14,"column":23},"end":{"line":14,"column":29}},"loc":{"start":{"line":14,"column":29},"end":{"line":14,"column":40}}}},"branchMap":{},"s":{"0":1,"1":1,"2":1,"3":1,"4":1},"f":{"0":1},"b":{}}
,"P:/thermondo/src/components/kit/VBtn.vue": {"path":"P:/thermondo/src/components/kit/VBtn.vue","statementMap":{"0":{"start":{"line":14,"column":19},"end":{"line":23,"column":null}},"1":{"start":{"line":14,"column":35},"end":{"line":23,"column":2}},"2":{"start":{"line":24,"column":21},"end":{"line":26,"column":null}},"3":{"start":{"line":25,"column":2},"end":{"line":25,"column":null}},"4":{"start":{"line":27,"column":17},"end":{"line":30,"column":null}},"5":{"start":{"line":27,"column":33},"end":{"line":30,"column":2}},"6":{"start":{"line":31,"column":22},"end":{"line":31,"column":null}},"7":{"start":{"line":31,"column":38},"end":{"line":31,"column":71}},"8":{"start":{"line":41,"column":10},"end":{"line":41,"column":null}}},"fnMap":{"0":{"name":"(anonymous_1)","decl":{"start":{"line":14,"column":28},"end":{"line":14,"column":35}},"loc":{"start":{"line":14,"column":35},"end":{"line":23,"column":2}}},"1":{"name":"(anonymous_2)","decl":{"start":{"line":24,"column":30},"end":{"line":24,"column":null}},"loc":{"start":{"line":25,"column":2},"end":{"line":25,"column":null}}},"2":{"name":"(anonymous_3)","decl":{"start":{"line":27,"column":26},"end":{"line":27,"column":33}},"loc":{"start":{"line":27,"column":33},"end":{"line":30,"column":2}}},"3":{"name":"(anonymous_4)","decl":{"start":{"line":31,"column":31},"end":{"line":31,"column":38}},"loc":{"start":{"line":31,"column":38},"end":{"line":31,"column":71}}}},"branchMap":{"0":{"loc":{"start":{"line":25,"column":2},"end":{"line":25,"column":null}},"type":"cond-expr","locations":[{"start":{"line":25,"column":17},"end":{"line":25,"column":23}},{"start":{"line":25,"column":23},"end":{"line":25,"column":null}}]},"1":{"loc":{"start":{"line":28,"column":12},"end":{"line":28,"column":null}},"type":"binary-expr","locations":[{"start":{"line":28,"column":12},"end":{"line":28,"column":31}},{"start":{"line":28,"column":31},"end":{"line":28,"column":null}}]},"2":{"loc":{"start":{"line":29,"column":8},"end":{"line":29,"column":null}},"type":"binary-expr","locations":[{"start":{"line":29,"column":8},"end":{"line":29,"column":21}},{"start":{"line":29,"column":21},"end":{"line":29,"column":null}}]},"3":{"loc":{"start":{"line":31,"column":38},"end":{"line":31,"column":71}},"type":"cond-expr","locations":[{"start":{"line":31,"column":53},"end":{"line":31,"column":62}},{"start":{"line":31,"column":62},"end":{"line":31,"column":71}}]}},"s":{"0":26,"1":26,"2":26,"3":26,"4":26,"5":26,"6":26,"7":26,"8":2},"f":{"0":26,"1":26,"2":26,"3":26},"b":{"0":[11,15],"1":[26,25],"2":[26,15],"3":[11,15]}}
,"P:/thermondo/src/components/kit/VCard.vue": {"path":"P:/thermondo/src/components/kit/VCard.vue","statementMap":{"0":{"start":{"line":44,"column":13},"end":{"line":44,"column":null}},"1":{"start":{"line":44,"column":28},"end":{"line":44,"column":44}},"2":{"start":{"line":45,"column":16},"end":{"line":45,"column":null}},"3":{"start":{"line":45,"column":31},"end":{"line":45,"column":49}},"4":{"start":{"line":46,"column":15},"end":{"line":46,"column":null}},"5":{"start":{"line":46,"column":30},"end":{"line":46,"column":66}},"6":{"start":{"line":47,"column":12},"end":{"line":47,"column":null}},"7":{"start":{"line":47,"column":27},"end":{"line":47,"column":52}},"8":{"start":{"line":48,"column":13},"end":{"line":48,"column":null}},"9":{"start":{"line":48,"column":28},"end":{"line":48,"column":56}},"10":{"start":{"line":49,"column":11},"end":{"line":49,"column":null}},"11":{"start":{"line":49,"column":26},"end":{"line":49,"column":39}},"12":{"start":{"line":52,"column":2},"end":{"line":52,"column":null}},"13":{"start":{"line":55,"column":2},"end":{"line":55,"column":null}},"14":{"start":{"line":2,"column":7},"end":{"line":2,"column":null}},"15":{"start":{"line":3,"column":9},"end":{"line":3,"column":null}},"16":{"start":{"line":11,"column":9},"end":{"line":11,"column":null}},"17":{"start":{"line":12,"column":10},"end":{"line":12,"column":33}},"18":{"start":{"line":13,"column":11},"end":{"line":13,"column":null}},"19":{"start":{"line":18,"column":11},"end":{"line":18,"column":null}},"20":{"start":{"line":20,"column":41},"end":{"line":null,"column":-1}},"21":{"start":{"line":23,"column":37},"end":{"line":null,"column":-1}},"22":{"start":{"line":26,"column":42},"end":{"line":null,"column":-1}},"23":{"start":{"line":29,"column":66},"end":{"line":29,"column":74}}},"fnMap":{"0":{"name":"(anonymous_1)","decl":{"start":{"line":44,"column":22},"end":{"line":44,"column":28}},"loc":{"start":{"line":44,"column":28},"end":{"line":44,"column":44}}},"1":{"name":"(anonymous_2)","decl":{"start":{"line":45,"column":25},"end":{"line":45,"column":31}},"loc":{"start":{"line":45,"column":31},"end":{"line":45,"column":49}}},"2":{"name":"(anonymous_3)","decl":{"start":{"line":46,"column":24},"end":{"line":46,"column":30}},"loc":{"start":{"line":46,"column":30},"end":{"line":46,"column":66}}},"3":{"name":"(anonymous_4)","decl":{"start":{"line":47,"column":21},"end":{"line":47,"column":27}},"loc":{"start":{"line":47,"column":27},"end":{"line":47,"column":52}}},"4":{"name":"(anonymous_5)","decl":{"start":{"line":48,"column":22},"end":{"line":48,"column":28}},"loc":{"start":{"line":48,"column":28},"end":{"line":48,"column":56}}},"5":{"name":"(anonymous_6)","decl":{"start":{"line":49,"column":20},"end":{"line":49,"column":26}},"loc":{"start":{"line":49,"column":26},"end":{"line":49,"column":39}}},"6":{"name":"select","decl":{"start":{"line":51,"column":9},"end":{"line":51,"column":18}},"loc":{"start":{"line":51,"column":18},"end":{"line":53,"column":null}}},"7":{"name":"remove","decl":{"start":{"line":54,"column":9},"end":{"line":54,"column":18}},"loc":{"start":{"line":54,"column":18},"end":{"line":56,"column":null}}},"8":{"name":"(anonymous_10)","decl":{"start":{"line":20,"column":10},"end":{"line":20,"column":17}},"loc":{"start":{"line":20,"column":41},"end":{"line":null,"column":-1}}},"9":{"name":"(anonymous_11)","decl":{"start":{"line":23,"column":10},"end":{"line":23,"column":17}},"loc":{"start":{"line":23,"column":37},"end":{"line":null,"column":-1}}},"10":{"name":"(anonymous_12)","decl":{"start":{"line":26,"column":10},"end":{"line":26,"column":17}},"loc":{"start":{"line":26,"column":42},"end":{"line":null,"column":-1}}},"11":{"name":"(anonymous_13)","decl":{"start":{"line":29,"column":62},"end":{"line":29,"column":66}},"loc":{"start":{"line":29,"column":66},"end":{"line":29,"column":74}}}},"branchMap":{"0":{"loc":{"start":{"line":46,"column":30},"end":{"line":46,"column":66}},"type":"binary-expr","locations":[{"start":{"line":46,"column":30},"end":{"line":46,"column":51}},{"start":{"line":46,"column":51},"end":{"line":46,"column":66}}]}},"s":{"0":5,"1":5,"2":5,"3":5,"4":5,"5":5,"6":5,"7":5,"8":5,"9":5,"10":5,"11":3,"12":1,"13":1,"14":1,"15":1,"16":1,"17":1,"18":1,"19":1,"20":5,"21":5,"22":5,"23":5},"f":{"0":5,"1":5,"2":5,"3":5,"4":5,"5":3,"6":1,"7":1,"8":5,"9":5,"10":5,"11":5},"b":{"0":[5,1]}}
,"P:/thermondo/src/components/kit/VIcon.vue": {"path":"P:/thermondo/src/components/kit/VIcon.vue","statementMap":{"0":{"start":{"line":14,"column":17},"end":{"line":14,"column":null}},"1":{"start":{"line":14,"column":32},"end":{"line":14,"column":53}}},"fnMap":{"0":{"name":"(anonymous_1)","decl":{"start":{"line":14,"column":26},"end":{"line":14,"column":32}},"loc":{"start":{"line":14,"column":32},"end":{"line":14,"column":53}}}},"branchMap":{},"s":{"0":20,"1":20},"f":{"0":20},"b":{}}
}
